#
# There is insufficient memory for the Java Runtime Environment to continue.
# Native memory allocation (mmap) failed to map 144703488 bytes. Error detail: G1 virtual space
# Possible reasons:
#   The system is out of physical RAM or swap space
#   This process is running with CompressedOops enabled, and the Java Heap may be blocking the growth of the native heap
# Possible solutions:
#   Reduce memory load on the system
#   Increase physical memory or swap space
#   Check if swap backing store is full
#   Decrease Java heap size (-Xmx/-Xms)
#   Decrease number of Java threads
#   Decrease Java thread stack sizes (-Xss)
#   Set larger code cache with -XX:ReservedCodeCacheSize=
#   JVM is running with Unscaled Compressed Oops mode in which the Java heap is
#     placed in the first 4GB address space. The Java Heap base address is the
#     maximum limit for the native heap growth. Please use -XX:HeapBaseMinAddress
#     to set the Java Heap base and to place the Java Heap above 4GB virtual address.
# This output file may be truncated or incomplete.
#
#  Out of Memory Error (os_windows.cpp:3825), pid=19544, tid=18996
#
# JRE version: OpenJDK Runtime Environment (17.0.11) (build 17.0.11+0--11852314)
# Java VM: OpenJDK 64-Bit Server VM (17.0.11+0--11852314, mixed mode, tiered, compressed oops, compressed class ptrs, g1 gc, windows-amd64)
# No core dump will be written. Minidumps are not enabled by default on client versions of Windows
#

---------------  S U M M A R Y ------------

Command Line: --add-opens=java.base/java.util=ALL-UNNAMED --add-opens=java.base/java.lang=ALL-UNNAMED --add-opens=java.base/java.lang.invoke=ALL-UNNAMED --add-opens=java.prefs/java.util.prefs=ALL-UNNAMED --add-opens=java.base/java.nio.charset=ALL-UNNAMED --add-opens=java.base/java.net=ALL-UNNAMED --add-opens=java.base/java.util.concurrent.atomic=ALL-UNNAMED -Xmx2048m -Dfile.encoding=UTF-8 -Duser.country=US -Duser.language=en -Duser.variant -javaagent:D:\Semester 5\PROYEK MANDIRI S5\Pemesanan-Tiket\wrapper\dists\gradle-8.7-bin\bhs2wmbdwecv87pi65oeuq5iu\gradle-8.7\lib\agents\gradle-instrumentation-agent-8.7.jar org.gradle.launcher.daemon.bootstrap.GradleDaemon 8.7

Host: AMD Ryzen 3 7320U with Radeon Graphics         , 8 cores, 7G,  Windows 11 , 64 bit Build 22621 (10.0.22621.3958)
Time: Tue Oct 29 06:36:51 2024 SE Asia Standard Time elapsed time: 11.663342 seconds (0d 0h 0m 11s)

---------------  T H R E A D  ---------------

Current thread (0x000002b0aae0c450):  VMThread "VM Thread" [stack: 0x000000cfdba00000,0x000000cfdbb00000] [id=18996]

Stack: [0x000000cfdba00000,0x000000cfdbb00000]
Native frames: (J=compiled Java code, j=interpreted, Vv=VM code, C=native code)
V  [jvm.dll+0x687bb9]
V  [jvm.dll+0x84142a]
V  [jvm.dll+0x8430ae]
V  [jvm.dll+0x843713]
V  [jvm.dll+0x24a35f]
V  [jvm.dll+0x684989]
V  [jvm.dll+0x67923a]
V  [jvm.dll+0x30af0b]
V  [jvm.dll+0x3123b6]
V  [jvm.dll+0x361dfe]
V  [jvm.dll+0x36202f]
V  [jvm.dll+0x2e0d38]
V  [jvm.dll+0x2df144]
V  [jvm.dll+0x2de74c]
V  [jvm.dll+0x32305b]
V  [jvm.dll+0x847e0b]
V  [jvm.dll+0x848b42]
V  [jvm.dll+0x84905d]
V  [jvm.dll+0x849434]
V  [jvm.dll+0x849500]
V  [jvm.dll+0x7efa4a]
V  [jvm.dll+0x686a35]
C  [ucrtbase.dll+0x29333]
C  [KERNEL32.DLL+0x1257d]
C  [ntdll.dll+0x5af08]

VM_Operation (0x000000cfdd1f1c80): G1CollectForAllocation, mode: safepoint, requested by thread 0x000002b0b0004f20


---------------  P R O C E S S  ---------------

Threads class SMR info:
_java_thread_list=0x000002b0b27b8600, length=38, elements={
0x000002b090faaa10, 0x000002b0af013030, 0x000002b0af0142c0, 0x000002b0aae23600,
0x000002b0af034120, 0x000002b0af036bf0, 0x000002b0af037bc0, 0x000002b0af041bb0,
0x000002b0af045b60, 0x000002b0af046b80, 0x000002b0af1108f0, 0x000002b0af3165b0,
0x000002b0b0354220, 0x000002b0b0d4f910, 0x000002b0b0cf2f00, 0x000002b0b0cc6aa0,
0x000002b0b0f5b2f0, 0x000002b0b0006360, 0x000002b0b0004f20, 0x000002b0b0006870,
0x000002b0b0005430, 0x000002b0b0005940, 0x000002b0b1721a70, 0x000002b0b171ece0,
0x000002b0b1720120, 0x000002b0b171e7d0, 0x000002b0b171f700, 0x000002b0b1720630,
0x000002b0b17238d0, 0x000002b0b1720b40, 0x000002b0b171fc10, 0x000002b0b171c460,
0x000002b0b1721050, 0x000002b0b1721f80, 0x000002b0b1722490, 0x000002b0b17229a0,
0x000002b0b1722eb0, 0x000002b0b17233c0
}

Java Threads: ( => current thread )
  0x000002b090faaa10 JavaThread "main" [_thread_blocked, id=14680, stack(0x000000cfdb400000,0x000000cfdb500000)]
  0x000002b0af013030 JavaThread "Reference Handler" daemon [_thread_blocked, id=13140, stack(0x000000cfdbb00000,0x000000cfdbc00000)]
  0x000002b0af0142c0 JavaThread "Finalizer" daemon [_thread_blocked, id=13788, stack(0x000000cfdbc00000,0x000000cfdbd00000)]
  0x000002b0aae23600 JavaThread "Signal Dispatcher" daemon [_thread_blocked, id=23540, stack(0x000000cfdbd00000,0x000000cfdbe00000)]
  0x000002b0af034120 JavaThread "Attach Listener" daemon [_thread_blocked, id=7944, stack(0x000000cfdbe00000,0x000000cfdbf00000)]
  0x000002b0af036bf0 JavaThread "Service Thread" daemon [_thread_blocked, id=17756, stack(0x000000cfdbf00000,0x000000cfdc000000)]
  0x000002b0af037bc0 JavaThread "Monitor Deflation Thread" daemon [_thread_blocked, id=10660, stack(0x000000cfdc000000,0x000000cfdc100000)]
  0x000002b0af041bb0 JavaThread "C2 CompilerThread0" daemon [_thread_blocked, id=7528, stack(0x000000cfdc100000,0x000000cfdc200000)]
  0x000002b0af045b60 JavaThread "C1 CompilerThread0" daemon [_thread_blocked, id=22548, stack(0x000000cfdc200000,0x000000cfdc300000)]
  0x000002b0af046b80 JavaThread "Sweeper thread" daemon [_thread_blocked, id=22840, stack(0x000000cfdc300000,0x000000cfdc400000)]
  0x000002b0af1108f0 JavaThread "Common-Cleaner" daemon [_thread_blocked, id=19092, stack(0x000000cfdc400000,0x000000cfdc500000)]
  0x000002b0af3165b0 JavaThread "Notification Thread" daemon [_thread_blocked, id=12748, stack(0x000000cfdc500000,0x000000cfdc600000)]
  0x000002b0b0354220 JavaThread "Daemon health stats" [_thread_blocked, id=7996, stack(0x000000cfdcb00000,0x000000cfdcc00000)]
  0x000002b0b0d4f910 JavaThread "Incoming local TCP Connector on port 59173" [_thread_in_native, id=1560, stack(0x000000cfdcc00000,0x000000cfdcd00000)]
  0x000002b0b0cf2f00 JavaThread "Daemon periodic checks" [_thread_blocked, id=2172, stack(0x000000cfdcd00000,0x000000cfdce00000)]
  0x000002b0b0cc6aa0 JavaThread "Daemon" [_thread_blocked, id=19636, stack(0x000000cfdce00000,0x000000cfdcf00000)]
  0x000002b0b0f5b2f0 JavaThread "Handler for socket connection from /127.0.0.1:59173 to /127.0.0.1:59174" [_thread_in_native, id=6972, stack(0x000000cfdcf00000,0x000000cfdd000000)]
  0x000002b0b0006360 JavaThread "Cancel handler" [_thread_blocked, id=21364, stack(0x000000cfdd000000,0x000000cfdd100000)]
  0x000002b0b0004f20 JavaThread "Daemon worker" [_thread_blocked, id=18836, stack(0x000000cfdd100000,0x000000cfdd200000)]
  0x000002b0b0006870 JavaThread "Asynchronous log dispatcher for DefaultDaemonConnection: socket connection from /127.0.0.1:59173 to /127.0.0.1:59174" [_thread_blocked, id=23520, stack(0x000000cfdd200000,0x000000cfdd300000)]
  0x000002b0b0005430 JavaThread "Stdin handler" [_thread_blocked, id=19472, stack(0x000000cfdd300000,0x000000cfdd400000)]
  0x000002b0b0005940 JavaThread "Daemon client event forwarder" [_thread_blocked, id=4460, stack(0x000000cfdd400000,0x000000cfdd500000)]
  0x000002b0b1721a70 JavaThread "Cache worker for journal cache (D:\Semester 5\PROYEK MANDIRI S5\Pemesanan-Tiket\caches\journal-1)" [_thread_blocked, id=14356, stack(0x000000cfdd900000,0x000000cfdda00000)]
  0x000002b0b171ece0 JavaThread "File lock request listener" [_thread_in_native, id=9140, stack(0x000000cfdda00000,0x000000cfddb00000)]
  0x000002b0b1720120 JavaThread "Cache worker for file hash cache (D:\Semester 5\PROYEK MANDIRI S5\Pemesanan-Tiket\caches\8.7\fileHashes)" [_thread_blocked, id=8100, stack(0x000000cfddb00000,0x000000cfddc00000)]
  0x000002b0b171e7d0 JavaThread "Cache worker for file hash cache (D:\Semester 5\PROYEK MANDIRI S5\PUM\.gradle\8.7\fileHashes)" [_thread_blocked, id=15968, stack(0x000000cfddc00000,0x000000cfddd00000)]
  0x000002b0b171f700 JavaThread "File watcher server" daemon [_thread_in_native, id=12332, stack(0x000000cfddd00000,0x000000cfdde00000)]
  0x000002b0b1720630 JavaThread "File watcher consumer" daemon [_thread_blocked, id=14064, stack(0x000000cfdde00000,0x000000cfddf00000)]
  0x000002b0b17238d0 JavaThread "Cache worker for checksums cache (D:\Semester 5\PROYEK MANDIRI S5\PUM\.gradle\8.7\checksums)" [_thread_blocked, id=23136, stack(0x000000cfddf00000,0x000000cfde000000)]
  0x000002b0b1720b40 JavaThread "Cache worker for cache directory md-supplier (D:\Semester 5\PROYEK MANDIRI S5\Pemesanan-Tiket\caches\8.7\md-supplier)" [_thread_blocked, id=20112, stack(0x000000cfde000000,0x000000cfde100000)]
  0x000002b0b171fc10 JavaThread "Cache worker for cache directory md-rule (D:\Semester 5\PROYEK MANDIRI S5\Pemesanan-Tiket\caches\8.7\md-rule)" [_thread_blocked, id=11220, stack(0x000000cfde100000,0x000000cfde200000)]
  0x000002b0b171c460 JavaThread "Cache worker for file content cache (D:\Semester 5\PROYEK MANDIRI S5\Pemesanan-Tiket\caches\8.7\fileContent)" [_thread_blocked, id=8128, stack(0x000000cfde200000,0x000000cfde300000)]
  0x000002b0b1721050 JavaThread "jar transforms" [_thread_blocked, id=6788, stack(0x000000cfde400000,0x000000cfde500000)]
  0x000002b0b1721f80 JavaThread "jar transforms Thread 2" [_thread_blocked, id=22604, stack(0x000000cfde500000,0x000000cfde600000)]
  0x000002b0b1722490 JavaThread "jar transforms Thread 3" [_thread_blocked, id=13388, stack(0x000000cfde600000,0x000000cfde700000)]
  0x000002b0b17229a0 JavaThread "jar transforms Thread 4" [_thread_blocked, id=20080, stack(0x000000cfde700000,0x000000cfde800000)]
  0x000002b0b1722eb0 JavaThread "jar transforms Thread 5" [_thread_blocked, id=6476, stack(0x000000cfde800000,0x000000cfde900000)]
  0x000002b0b17233c0 JavaThread "jar transforms Thread 6" [_thread_blocked, id=19496, stack(0x000000cfde900000,0x000000cfdea00000)]

Other Threads:
=>0x000002b0aae0c450 VMThread "VM Thread" [stack: 0x000000cfdba00000,0x000000cfdbb00000] [id=18996]
  0x000002b0af2ebfd0 WatcherThread [stack: 0x000000cfdc600000,0x000000cfdc700000] [id=2808]
  0x000002b091008b00 GCTaskThread "GC Thread#0" [stack: 0x000000cfdb500000,0x000000cfdb600000] [id=16124]
  0x000002b0afd96b30 GCTaskThread "GC Thread#1" [stack: 0x000000cfdc700000,0x000000cfdc800000] [id=11996]
  0x000002b0aff63b80 GCTaskThread "GC Thread#2" [stack: 0x000000cfdc800000,0x000000cfdc900000] [id=5240]
  0x000002b0afcf7980 GCTaskThread "GC Thread#3" [stack: 0x000000cfdc900000,0x000000cfdca00000] [id=21312]
  0x000002b0b00c91d0 GCTaskThread "GC Thread#4" [stack: 0x000000cfdca00000,0x000000cfdcb00000] [id=10348]
  0x000002b0b0c2d3d0 GCTaskThread "GC Thread#5" [stack: 0x000000cfdd500000,0x000000cfdd600000] [id=21008]
  0x000002b0b0ee5aa0 GCTaskThread "GC Thread#6" [stack: 0x000000cfdd600000,0x000000cfdd700000] [id=22652]
  0x000002b0b0d5f970 GCTaskThread "GC Thread#7" [stack: 0x000000cfdd700000,0x000000cfdd800000] [id=9324]
  0x000002b09101aa70 ConcurrentGCThread "G1 Main Marker" [stack: 0x000000cfdb600000,0x000000cfdb700000] [id=7012]
  0x000002b09101b490 ConcurrentGCThread "G1 Conc#0" [stack: 0x000000cfdb700000,0x000000cfdb800000] [id=21704]
  0x000002b0b0eda420 ConcurrentGCThread "G1 Conc#1" [stack: 0x000000cfdd800000,0x000000cfdd900000] [id=22044]
  0x000002b09105df40 ConcurrentGCThread "G1 Refine#0" [stack: 0x000000cfdb800000,0x000000cfdb900000] [id=9800]
  0x000002b0aff8f280 ConcurrentGCThread "G1 Refine#1" [stack: 0x000000cfde300000,0x000000cfde400000] [id=8240]
  0x000002b09105e970 ConcurrentGCThread "G1 Service" [stack: 0x000000cfdb900000,0x000000cfdba00000] [id=19540]

Threads with active compile tasks:
C2 CompilerThread0    11682 7940       4       org.jetbrains.kotlin.metadata.ProtoBuf$Type::isInitialized (145 bytes)
C1 CompilerThread0    11682 8099       2       org.jetbrains.kotlin.load.kotlin.FileBasedKotlinClass::resolveNameByInternalName (178 bytes)

VM state: at safepoint (normal execution)

VM Mutex/Monitor currently owned by a thread:  ([mutex/lock_event])
[0x000002b090fa68f0] Threads_lock - owner thread: 0x000002b0aae0c450
[0x000002b090fa73a0] Heap_lock - owner thread: 0x000002b0b0004f20

Heap address: 0x0000000080000000, size: 2048 MB, Compressed Oops mode: 32-bit

CDS archive(s) not mapped
Compressed class space mapped at: 0x0000000100000000-0x0000000140000000, reserved size: 1073741824
Narrow klass base: 0x0000000000000000, Narrow klass shift: 3, Narrow klass range: 0x140000000

GC Precious Log:
 CPUs: 8 total, 8 available
 Memory: 7455M
 Large Page Support: Disabled
 NUMA Support: Disabled
 Compressed Oops: Enabled (32-bit)
 Heap Region Size: 1M
 Heap Min Capacity: 8M
 Heap Initial Capacity: 118M
 Heap Max Capacity: 2G
 Pre-touch: Disabled
 Parallel Workers: 8
 Concurrent Workers: 2
 Concurrent Refinement Workers: 8
 Periodic GC: Disabled

Heap:
 garbage-first heap   total 133120K, used 79078K [0x0000000080000000, 0x0000000100000000)
  region size 1024K, 2 young (2048K), 2 survivors (2048K)
 Metaspace       used 92517K, committed 93056K, reserved 1179648K
  class space    used 12134K, committed 12352K, reserved 1048576K

Heap Regions: E=young(eden), S=young(survivor), O=old, HS=humongous(starts), HC=humongous(continues), CS=collection set, F=free, OA=open archive, CA=closed archive, TAMS=top-at-mark-start (previous, next)
|   0|0x0000000080000000, 0x0000000080100000, 0x0000000080100000|100%|HS|  |TAMS 0x0000000080100000, 0x0000000080100000| Complete 
|   1|0x0000000080100000, 0x0000000080200000, 0x0000000080200000|100%|HC|  |TAMS 0x0000000080200000, 0x0000000080200000| Complete 
|   2|0x0000000080200000, 0x0000000080300000, 0x0000000080300000|100%|HC|  |TAMS 0x0000000080300000, 0x0000000080300000| Complete 
|   3|0x0000000080300000, 0x0000000080400000, 0x0000000080400000|100%|HC|  |TAMS 0x0000000080400000, 0x0000000080400000| Complete 
|   4|0x0000000080400000, 0x0000000080500000, 0x0000000080500000|100%| O|  |TAMS 0x0000000080500000, 0x0000000080500000| Untracked 
|   5|0x0000000080500000, 0x0000000080600000, 0x0000000080600000|100%| O|  |TAMS 0x0000000080600000, 0x0000000080600000| Untracked 
|   6|0x0000000080600000, 0x0000000080700000, 0x0000000080700000|100%| O|  |TAMS 0x0000000080700000, 0x0000000080700000| Untracked 
|   7|0x0000000080700000, 0x0000000080800000, 0x0000000080800000|100%| O|  |TAMS 0x0000000080800000, 0x0000000080800000| Untracked 
|   8|0x0000000080800000, 0x0000000080900000, 0x0000000080900000|100%| O|  |TAMS 0x0000000080900000, 0x0000000080900000| Untracked 
|   9|0x0000000080900000, 0x0000000080a00000, 0x0000000080a00000|100%| O|  |TAMS 0x0000000080a00000, 0x0000000080a00000| Untracked 
|  10|0x0000000080a00000, 0x0000000080b00000, 0x0000000080b00000|100%| O|  |TAMS 0x0000000080b00000, 0x0000000080b00000| Untracked 
|  11|0x0000000080b00000, 0x0000000080c00000, 0x0000000080c00000|100%| O|  |TAMS 0x0000000080c00000, 0x0000000080c00000| Untracked 
|  12|0x0000000080c00000, 0x0000000080d00000, 0x0000000080d00000|100%| O|  |TAMS 0x0000000080d00000, 0x0000000080d00000| Untracked 
|  13|0x0000000080d00000, 0x0000000080e00000, 0x0000000080e00000|100%| O|  |TAMS 0x0000000080e00000, 0x0000000080e00000| Untracked 
|  14|0x0000000080e00000, 0x0000000080f00000, 0x0000000080f00000|100%| O|  |TAMS 0x0000000080f00000, 0x0000000080f00000| Untracked 
|  15|0x0000000080f00000, 0x0000000081000000, 0x0000000081000000|100%| O|  |TAMS 0x0000000081000000, 0x0000000081000000| Untracked 
|  16|0x0000000081000000, 0x0000000081100000, 0x0000000081100000|100%| O|  |TAMS 0x0000000081100000, 0x0000000081100000| Untracked 
|  17|0x0000000081100000, 0x0000000081200000, 0x0000000081200000|100%| O|  |TAMS 0x0000000081200000, 0x0000000081200000| Untracked 
|  18|0x0000000081200000, 0x0000000081300000, 0x0000000081300000|100%| O|  |TAMS 0x0000000081300000, 0x0000000081300000| Untracked 
|  19|0x0000000081300000, 0x0000000081400000, 0x0000000081400000|100%| O|  |TAMS 0x0000000081400000, 0x0000000081400000| Untracked 
|  20|0x0000000081400000, 0x0000000081500000, 0x0000000081500000|100%| O|  |TAMS 0x0000000081500000, 0x0000000081500000| Untracked 
|  21|0x0000000081500000, 0x0000000081600000, 0x0000000081600000|100%| O|  |TAMS 0x0000000081600000, 0x0000000081600000| Untracked 
|  22|0x0000000081600000, 0x0000000081700000, 0x0000000081700000|100%| O|  |TAMS 0x0000000081700000, 0x0000000081700000| Untracked 
|  23|0x0000000081700000, 0x0000000081800000, 0x0000000081800000|100%| O|  |TAMS 0x0000000081800000, 0x0000000081800000| Untracked 
|  24|0x0000000081800000, 0x0000000081900000, 0x0000000081900000|100%| O|  |TAMS 0x0000000081900000, 0x0000000081900000| Untracked 
|  25|0x0000000081900000, 0x0000000081a00000, 0x0000000081a00000|100%| O|  |TAMS 0x0000000081a00000, 0x0000000081a00000| Untracked 
|  26|0x0000000081a00000, 0x0000000081b00000, 0x0000000081b00000|100%| O|  |TAMS 0x0000000081b00000, 0x0000000081b00000| Untracked 
|  27|0x0000000081b00000, 0x0000000081c00000, 0x0000000081c00000|100%| O|  |TAMS 0x0000000081c00000, 0x0000000081c00000| Untracked 
|  28|0x0000000081c00000, 0x0000000081d00000, 0x0000000081d00000|100%| O|  |TAMS 0x0000000081d00000, 0x0000000081d00000| Untracked 
|  29|0x0000000081d00000, 0x0000000081e00000, 0x0000000081e00000|100%| O|  |TAMS 0x0000000081e00000, 0x0000000081e00000| Untracked 
|  30|0x0000000081e00000, 0x0000000081e00000, 0x0000000081f00000|  0%| F|  |TAMS 0x0000000081e00000, 0x0000000081e00000| Untracked 
|  31|0x0000000081f00000, 0x0000000082000000, 0x0000000082000000|100%| O|  |TAMS 0x0000000082000000, 0x0000000082000000| Untracked 
|  32|0x0000000082000000, 0x0000000082100000, 0x0000000082100000|100%| O|  |TAMS 0x0000000082100000, 0x0000000082100000| Untracked 
|  33|0x0000000082100000, 0x0000000082200000, 0x0000000082200000|100%| O|  |TAMS 0x0000000082200000, 0x0000000082200000| Untracked 
|  34|0x0000000082200000, 0x0000000082300000, 0x0000000082300000|100%| O|  |TAMS 0x0000000082300000, 0x0000000082300000| Untracked 
|  35|0x0000000082300000, 0x0000000082400000, 0x0000000082400000|100%| O|  |TAMS 0x0000000082400000, 0x0000000082400000| Untracked 
|  36|0x0000000082400000, 0x0000000082500000, 0x0000000082500000|100%| O|  |TAMS 0x0000000082500000, 0x0000000082500000| Untracked 
|  37|0x0000000082500000, 0x0000000082600000, 0x0000000082600000|100%| O|  |TAMS 0x0000000082600000, 0x0000000082600000| Untracked 
|  38|0x0000000082600000, 0x0000000082700000, 0x0000000082700000|100%| O|  |TAMS 0x0000000082700000, 0x0000000082700000| Untracked 
|  39|0x0000000082700000, 0x0000000082800000, 0x0000000082800000|100%| O|  |TAMS 0x0000000082800000, 0x0000000082800000| Untracked 
|  40|0x0000000082800000, 0x0000000082900000, 0x0000000082900000|100%| O|  |TAMS 0x0000000082800000, 0x0000000082900000| Untracked 
|  41|0x0000000082900000, 0x0000000082a00000, 0x0000000082a00000|100%| O|  |TAMS 0x0000000082a00000, 0x0000000082a00000| Untracked 
|  42|0x0000000082a00000, 0x0000000082b00000, 0x0000000082b00000|100%| O|  |TAMS 0x0000000082b00000, 0x0000000082b00000| Untracked 
|  43|0x0000000082b00000, 0x0000000082c00000, 0x0000000082c00000|100%| O|  |TAMS 0x0000000082c00000, 0x0000000082c00000| Untracked 
|  44|0x0000000082c00000, 0x0000000082d00000, 0x0000000082d00000|100%| O|  |TAMS 0x0000000082d00000, 0x0000000082d00000| Untracked 
|  45|0x0000000082d00000, 0x0000000082e00000, 0x0000000082e00000|100%| O|  |TAMS 0x0000000082e00000, 0x0000000082e00000| Untracked 
|  46|0x0000000082e00000, 0x0000000082f00000, 0x0000000082f00000|100%| O|  |TAMS 0x0000000082f00000, 0x0000000082f00000| Untracked 
|  47|0x0000000082f00000, 0x0000000083000000, 0x0000000083000000|100%| O|  |TAMS 0x0000000083000000, 0x0000000083000000| Untracked 
|  48|0x0000000083000000, 0x0000000083100000, 0x0000000083100000|100%| O|  |TAMS 0x0000000083100000, 0x0000000083100000| Untracked 
|  49|0x0000000083100000, 0x0000000083200000, 0x0000000083200000|100%| O|  |TAMS 0x0000000083200000, 0x0000000083200000| Untracked 
|  50|0x0000000083200000, 0x0000000083300000, 0x0000000083300000|100%| O|  |TAMS 0x0000000083300000, 0x0000000083300000| Untracked 
|  51|0x0000000083300000, 0x0000000083400000, 0x0000000083400000|100%| O|  |TAMS 0x0000000083400000, 0x0000000083400000| Untracked 
|  52|0x0000000083400000, 0x0000000083500000, 0x0000000083500000|100%| O|  |TAMS 0x0000000083500000, 0x0000000083500000| Untracked 
|  53|0x0000000083500000, 0x0000000083600000, 0x0000000083600000|100%| O|  |TAMS 0x0000000083600000, 0x0000000083600000| Untracked 
|  54|0x0000000083600000, 0x0000000083700000, 0x0000000083700000|100%| O|  |TAMS 0x0000000083700000, 0x0000000083700000| Untracked 
|  55|0x0000000083700000, 0x0000000083800000, 0x0000000083800000|100%| O|  |TAMS 0x0000000083800000, 0x0000000083800000| Untracked 
|  56|0x0000000083800000, 0x0000000083900000, 0x0000000083900000|100%| O|  |TAMS 0x0000000083900000, 0x0000000083900000| Untracked 
|  57|0x0000000083900000, 0x0000000083a00000, 0x0000000083a00000|100%| O|  |TAMS 0x0000000083a00000, 0x0000000083a00000| Untracked 
|  58|0x0000000083a00000, 0x0000000083b00000, 0x0000000083b00000|100%|HS|  |TAMS 0x0000000083b00000, 0x0000000083b00000| Complete 
|  59|0x0000000083b00000, 0x0000000083c00000, 0x0000000083c00000|100%| O|  |TAMS 0x0000000083c00000, 0x0000000083c00000| Untracked 
|  60|0x0000000083c00000, 0x0000000083d00000, 0x0000000083d00000|100%| O|  |TAMS 0x0000000083d00000, 0x0000000083d00000| Untracked 
|  61|0x0000000083d00000, 0x0000000083e00000, 0x0000000083e00000|100%| O|  |TAMS 0x0000000083e00000, 0x0000000083e00000| Untracked 
|  62|0x0000000083e00000, 0x0000000083f00000, 0x0000000083f00000|100%| O|  |TAMS 0x0000000083f00000, 0x0000000083f00000| Untracked 
|  63|0x0000000083f00000, 0x0000000084000000, 0x0000000084000000|100%| O|  |TAMS 0x0000000084000000, 0x0000000084000000| Untracked 
|  64|0x0000000084000000, 0x0000000084100000, 0x0000000084100000|100%|HS|  |TAMS 0x0000000084100000, 0x0000000084100000| Complete 
|  65|0x0000000084100000, 0x0000000084200000, 0x0000000084200000|100%|HC|  |TAMS 0x0000000084200000, 0x0000000084200000| Complete 
|  66|0x0000000084200000, 0x0000000084300000, 0x0000000084300000|100%|HC|  |TAMS 0x0000000084300000, 0x0000000084300000| Complete 
|  67|0x0000000084300000, 0x0000000084400000, 0x0000000084400000|100%|HC|  |TAMS 0x0000000084400000, 0x0000000084400000| Complete 
|  68|0x0000000084400000, 0x0000000084500000, 0x0000000084500000|100%|HC|  |TAMS 0x0000000084500000, 0x0000000084500000| Complete 
|  69|0x0000000084500000, 0x0000000084600000, 0x0000000084600000|100%|HC|  |TAMS 0x0000000084600000, 0x0000000084600000| Complete 
|  70|0x0000000084600000, 0x0000000084700000, 0x0000000084700000|100%| O|  |TAMS 0x0000000084700000, 0x0000000084700000| Untracked 
|  71|0x0000000084700000, 0x0000000084800000, 0x0000000084800000|100%| O|  |TAMS 0x0000000084800000, 0x0000000084800000| Untracked 
|  72|0x0000000084800000, 0x0000000084900000, 0x0000000084900000|100%| O|  |TAMS 0x00000000848f7c00, 0x0000000084900000| Untracked 
|  73|0x0000000084900000, 0x0000000084a00000, 0x0000000084a00000|100%| O|  |TAMS 0x0000000084900000, 0x0000000084a00000| Untracked 
|  74|0x0000000084a00000, 0x0000000084b00000, 0x0000000084b00000|100%| O|  |TAMS 0x0000000084a00000, 0x0000000084b00000| Untracked 
|  75|0x0000000084b00000, 0x0000000084c00000, 0x0000000084c00000|100%| O|  |TAMS 0x0000000084b00000, 0x0000000084c00000| Untracked 
|  76|0x0000000084c00000, 0x0000000084c7b600, 0x0000000084d00000| 48%| O|  |TAMS 0x0000000084c00000, 0x0000000084c7b600| Untracked 
|  77|0x0000000084d00000, 0x0000000084d00000, 0x0000000084e00000|  0%| F|  |TAMS 0x0000000084d00000, 0x0000000084d00000| Untracked 
|  78|0x0000000084e00000, 0x0000000084e00000, 0x0000000084f00000|  0%| F|  |TAMS 0x0000000084e00000, 0x0000000084e00000| Untracked 
|  79|0x0000000084f00000, 0x0000000084f00000, 0x0000000085000000|  0%| F|  |TAMS 0x0000000084f00000, 0x0000000084f00000| Untracked 
|  80|0x0000000085000000, 0x0000000085000000, 0x0000000085100000|  0%| F|  |TAMS 0x0000000085000000, 0x0000000085000000| Untracked 
|  81|0x0000000085100000, 0x0000000085100000, 0x0000000085200000|  0%| F|  |TAMS 0x0000000085100000, 0x0000000085100000| Untracked 
|  82|0x0000000085200000, 0x0000000085200000, 0x0000000085300000|  0%| F|  |TAMS 0x0000000085200000, 0x0000000085200000| Untracked 
|  83|0x0000000085300000, 0x0000000085300000, 0x0000000085400000|  0%| F|  |TAMS 0x0000000085300000, 0x0000000085300000| Untracked 
|  84|0x0000000085400000, 0x0000000085400000, 0x0000000085500000|  0%| F|  |TAMS 0x0000000085400000, 0x0000000085400000| Untracked 
|  85|0x0000000085500000, 0x0000000085500000, 0x0000000085600000|  0%| F|  |TAMS 0x0000000085500000, 0x0000000085500000| Untracked 
|  86|0x0000000085600000, 0x0000000085600000, 0x0000000085700000|  0%| F|  |TAMS 0x0000000085600000, 0x0000000085600000| Untracked 
|  87|0x0000000085700000, 0x0000000085700000, 0x0000000085800000|  0%| F|  |TAMS 0x0000000085700000, 0x0000000085700000| Untracked 
|  88|0x0000000085800000, 0x0000000085800000, 0x0000000085900000|  0%| F|  |TAMS 0x0000000085800000, 0x0000000085800000| Untracked 
|  89|0x0000000085900000, 0x0000000085900000, 0x0000000085a00000|  0%| F|  |TAMS 0x0000000085900000, 0x0000000085900000| Untracked 
|  90|0x0000000085a00000, 0x0000000085a00000, 0x0000000085b00000|  0%| F|  |TAMS 0x0000000085a00000, 0x0000000085a00000| Untracked 
|  91|0x0000000085b00000, 0x0000000085b00000, 0x0000000085c00000|  0%| F|  |TAMS 0x0000000085b00000, 0x0000000085b00000| Untracked 
|  92|0x0000000085c00000, 0x0000000085c00000, 0x0000000085d00000|  0%| F|  |TAMS 0x0000000085c00000, 0x0000000085c00000| Untracked 
|  93|0x0000000085d00000, 0x0000000085d00000, 0x0000000085e00000|  0%| F|  |TAMS 0x0000000085d00000, 0x0000000085d00000| Untracked 
|  94|0x0000000085e00000, 0x0000000085ebe2d0, 0x0000000085f00000| 74%| S|CS|TAMS 0x0000000085e00000, 0x0000000085e00000| Complete 
|  95|0x0000000085f00000, 0x0000000086000000, 0x0000000086000000|100%| S|CS|TAMS 0x0000000085f00000, 0x0000000085f00000| Complete 
|  96|0x0000000086000000, 0x0000000086000000, 0x0000000086100000|  0%| F|  |TAMS 0x0000000086000000, 0x0000000086000000| Untracked 
|  97|0x0000000086100000, 0x0000000086100000, 0x0000000086200000|  0%| F|  |TAMS 0x0000000086100000, 0x0000000086100000| Untracked 
|  98|0x0000000086200000, 0x0000000086200000, 0x0000000086300000|  0%| F|  |TAMS 0x0000000086200000, 0x0000000086200000| Untracked 
|  99|0x0000000086300000, 0x0000000086300000, 0x0000000086400000|  0%| F|  |TAMS 0x0000000086300000, 0x0000000086300000| Untracked 
| 100|0x0000000086400000, 0x0000000086400000, 0x0000000086500000|  0%| F|  |TAMS 0x0000000086400000, 0x0000000086400000| Untracked 
| 101|0x0000000086500000, 0x0000000086500000, 0x0000000086600000|  0%| F|  |TAMS 0x0000000086500000, 0x0000000086500000| Untracked 
| 102|0x0000000086600000, 0x0000000086600000, 0x0000000086700000|  0%| F|  |TAMS 0x0000000086600000, 0x0000000086600000| Untracked 
| 103|0x0000000086700000, 0x0000000086700000, 0x0000000086800000|  0%| F|  |TAMS 0x0000000086700000, 0x0000000086700000| Untracked 
| 104|0x0000000086800000, 0x0000000086800000, 0x0000000086900000|  0%| F|  |TAMS 0x0000000086800000, 0x0000000086800000| Untracked 
| 105|0x0000000086900000, 0x0000000086900000, 0x0000000086a00000|  0%| F|  |TAMS 0x0000000086900000, 0x0000000086900000| Untracked 
| 106|0x0000000086a00000, 0x0000000086a00000, 0x0000000086b00000|  0%| F|  |TAMS 0x0000000086a00000, 0x0000000086a00000| Untracked 
| 107|0x0000000086b00000, 0x0000000086b00000, 0x0000000086c00000|  0%| F|  |TAMS 0x0000000086b00000, 0x0000000086b00000| Untracked 
| 108|0x0000000086c00000, 0x0000000086c00000, 0x0000000086d00000|  0%| F|  |TAMS 0x0000000086c00000, 0x0000000086c00000| Untracked 
| 109|0x0000000086d00000, 0x0000000086d00000, 0x0000000086e00000|  0%| F|  |TAMS 0x0000000086d00000, 0x0000000086d00000| Untracked 
| 110|0x0000000086e00000, 0x0000000086e00000, 0x0000000086f00000|  0%| F|  |TAMS 0x0000000086e00000, 0x0000000086e00000| Untracked 
| 111|0x0000000086f00000, 0x0000000086f00000, 0x0000000087000000|  0%| F|  |TAMS 0x0000000086f00000, 0x0000000086f00000| Untracked 
| 112|0x0000000087000000, 0x0000000087000000, 0x0000000087100000|  0%| F|  |TAMS 0x0000000087000000, 0x0000000087000000| Untracked 
| 113|0x0000000087100000, 0x0000000087100000, 0x0000000087200000|  0%| F|  |TAMS 0x0000000087100000, 0x0000000087100000| Untracked 
| 114|0x0000000087200000, 0x0000000087200000, 0x0000000087300000|  0%| F|  |TAMS 0x0000000087200000, 0x0000000087200000| Untracked 
| 115|0x0000000087300000, 0x0000000087300000, 0x0000000087400000|  0%| F|  |TAMS 0x0000000087300000, 0x0000000087300000| Untracked 
| 116|0x0000000087400000, 0x0000000087400000, 0x0000000087500000|  0%| F|  |TAMS 0x0000000087400000, 0x0000000087400000| Untracked 
| 117|0x0000000087500000, 0x0000000087500000, 0x0000000087600000|  0%| F|  |TAMS 0x0000000087500000, 0x0000000087500000| Untracked 
| 118|0x0000000087600000, 0x0000000087600000, 0x0000000087700000|  0%| F|  |TAMS 0x0000000087600000, 0x0000000087600000| Untracked 
| 119|0x0000000087700000, 0x0000000087700000, 0x0000000087800000|  0%| F|  |TAMS 0x0000000087700000, 0x0000000087700000| Untracked 
| 120|0x0000000087800000, 0x0000000087800000, 0x0000000087900000|  0%| F|  |TAMS 0x0000000087800000, 0x0000000087800000| Untracked 
| 121|0x0000000087900000, 0x0000000087900000, 0x0000000087a00000|  0%| F|  |TAMS 0x0000000087900000, 0x0000000087900000| Untracked 
| 122|0x0000000087a00000, 0x0000000087a00000, 0x0000000087b00000|  0%| F|  |TAMS 0x0000000087a00000, 0x0000000087a00000| Untracked 
| 123|0x0000000087b00000, 0x0000000087b00000, 0x0000000087c00000|  0%| F|  |TAMS 0x0000000087b00000, 0x0000000087b00000| Untracked 
| 124|0x0000000087c00000, 0x0000000087c00000, 0x0000000087d00000|  0%| F|  |TAMS 0x0000000087c00000, 0x0000000087c00000| Untracked 
| 125|0x0000000087d00000, 0x0000000087d00000, 0x0000000087e00000|  0%| F|  |TAMS 0x0000000087d00000, 0x0000000087d00000| Untracked 
| 126|0x0000000087e00000, 0x0000000087e00000, 0x0000000087f00000|  0%| F|  |TAMS 0x0000000087e00000, 0x0000000087e00000| Untracked 
| 127|0x0000000087f00000, 0x0000000087f00000, 0x0000000088000000|  0%| F|  |TAMS 0x0000000087f00000, 0x0000000087f00000| Untracked 
| 128|0x0000000088000000, 0x0000000088000000, 0x0000000088100000|  0%| F|  |TAMS 0x0000000088000000, 0x0000000088000000| Untracked 
| 129|0x0000000088100000, 0x0000000088100000, 0x0000000088200000|  0%| F|  |TAMS 0x0000000088100000, 0x0000000088100000| Untracked 

Card table byte_map: [0x000002b0a3bb0000,0x000002b0a3fb0000] _byte_map_base: 0x000002b0a37b0000

Marking Bits (Prev, Next): (CMBitMap*) 0x000002b091009970, (CMBitMap*) 0x000002b091009930
 Prev Bits: [0x000002b0a63b0000, 0x000002b0a83b0000)
 Next Bits: [0x000002b0a43b0000, 0x000002b0a63b0000)

Polling page: 0x000002b090760000

Metaspace:

Usage:
  Non-class:     78.50 MB used.
      Class:     11.85 MB used.
       Both:     90.35 MB used.

Virtual space:
  Non-class space:      128.00 MB reserved,      78.81 MB ( 62%) committed,  2 nodes.
      Class space:        1.00 GB reserved,      12.06 MB (  1%) committed,  1 nodes.
             Both:        1.12 GB reserved,      90.88 MB (  8%) committed. 

Chunk freelists:
   Non-Class:  1.17 MB
       Class:  3.88 MB
        Both:  5.05 MB

MaxMetaspaceSize: unlimited
CompressedClassSpaceSize: 1.00 GB
Initial GC threshold: 21.00 MB
Current GC threshold: 142.50 MB
CDS: off
MetaspaceReclaimPolicy: balanced
 - commit_granule_bytes: 65536.
 - commit_granule_words: 8192.
 - virtual_space_node_default_size: 8388608.
 - enlarge_chunks_in_place: 1.
 - new_chunks_are_fully_committed: 0.
 - uncommit_free_chunks: 1.
 - use_allocation_guard: 0.
 - handle_deallocations: 1.


Internal statistics:

num_allocs_failed_limit: 9.
num_arena_births: 604.
num_arena_deaths: 6.
num_vsnodes_births: 3.
num_vsnodes_deaths: 0.
num_space_committed: 1452.
num_space_uncommitted: 0.
num_chunks_returned_to_freelist: 31.
num_chunks_taken_from_freelist: 3555.
num_chunk_merges: 10.
num_chunk_splits: 2722.
num_chunks_enlarged: 2271.
num_inconsistent_stats: 0.

CodeHeap 'non-profiled nmethods': size=120000Kb used=3400Kb max_used=3400Kb free=116600Kb
 bounds [0x000002b09bf50000, 0x000002b09c2b0000, 0x000002b0a3480000]
CodeHeap 'profiled nmethods': size=120000Kb used=13943Kb max_used=13943Kb free=106057Kb
 bounds [0x000002b094480000, 0x000002b095220000, 0x000002b09b9b0000]
CodeHeap 'non-nmethods': size=5760Kb used=2402Kb max_used=2435Kb free=3357Kb
 bounds [0x000002b09b9b0000, 0x000002b09bc20000, 0x000002b09bf50000]
 total_blobs=8118 nmethods=7178 adapters=849
 compilation: enabled
              stopped_count=0, restarted_count=0
 full_count=0

Compilation events (20 events):
Event: 11.652 Thread 0x000002b0af045b60 nmethod 8087 0x000002b09521b110 code [0x000002b09521b2a0, 0x000002b09521b3b8]
Event: 11.654 Thread 0x000002b0af045b60 8090       2       org.jetbrains.kotlin.types.TypeAttributes$Companion::getEmpty (4 bytes)
Event: 11.654 Thread 0x000002b0af045b60 nmethod 8090 0x000002b09521b490 code [0x000002b09521b620, 0x000002b09521b738]
Event: 11.654 Thread 0x000002b0af045b60 8091       2       org.jetbrains.kotlin.types.TypeAttributes::access$getEmpty$cp (4 bytes)
Event: 11.654 Thread 0x000002b0af045b60 nmethod 8091 0x000002b09521b810 code [0x000002b09521b9a0, 0x000002b09521ba98]
Event: 11.654 Thread 0x000002b0af045b60 8092       1       org.jetbrains.kotlin.load.java.typeEnhancement.AbstractSignatureParts$TypeAndDefaultQualifiers::getType (5 bytes)
Event: 11.654 Thread 0x000002b0af045b60 nmethod 8092 0x000002b09c2a1a10 code [0x000002b09c2a1ba0, 0x000002b09c2a1c78]
Event: 11.656 Thread 0x000002b0af045b60 8093       2       org.jetbrains.kotlin.descriptors.impl.ClassDescriptorBase::getContainingDeclaration (13 bytes)
Event: 11.656 Thread 0x000002b0af045b60 nmethod 8093 0x000002b09521bb10 code [0x000002b09521bca0, 0x000002b09521bde8]
Event: 11.656 Thread 0x000002b0af045b60 8094       2       kotlin.text.StringsKt__StringsKt::indexOf$default (26 bytes)
Event: 11.656 Thread 0x000002b0af045b60 nmethod 8094 0x000002b09521be90 code [0x000002b09521c020, 0x000002b09521c148]
Event: 11.656 Thread 0x000002b0af045b60 8095       2       kotlin.text.StringsKt__StringsKt::indexOf (48 bytes)
Event: 11.657 Thread 0x000002b0af045b60 nmethod 8095 0x000002b09521c210 code [0x000002b09521c420, 0x000002b09521c928]
Event: 11.657 Thread 0x000002b0af045b60 8096       1       org.jetbrains.kotlin.load.java.structure.impl.classFiles.PlainJavaClassifierType::getTypeArguments (5 bytes)
Event: 11.657 Thread 0x000002b0af045b60 nmethod 8096 0x000002b09c2a1d10 code [0x000002b09c2a1ea0, 0x000002b09c2a1f78]
Event: 11.657 Thread 0x000002b0af045b60 8097       2       org.jetbrains.kotlin.cli.jvm.compiler.KotlinCliJavaFileManagerImpl$findClasses$1$1$2::invoke (13 bytes)
Event: 11.657 Thread 0x000002b0af045b60 nmethod 8097 0x000002b09521cc10 code [0x000002b09521cdc0, 0x000002b09521cf48]
Event: 11.657 Thread 0x000002b0af045b60 8098       2       org.jetbrains.kotlin.cli.jvm.compiler.KotlinCliJavaFileManagerImpl$findClasses$1$1$2::invoke (108 bytes)
Event: 11.658 Thread 0x000002b0af045b60 nmethod 8098 0x000002b09521d010 code [0x000002b09521d260, 0x000002b09521d7d8]
Event: 11.658 Thread 0x000002b0af045b60 8099       2       org.jetbrains.kotlin.load.kotlin.FileBasedKotlinClass::resolveNameByInternalName (178 bytes)

GC Heap History (20 events):
Event: 8.624 GC heap after
{Heap after GC invocations=23 (full 0):
 garbage-first heap   total 133120K, used 52252K [0x0000000080000000, 0x0000000100000000)
  region size 1024K, 5 young (5120K), 5 survivors (5120K)
 Metaspace       used 67188K, committed 67712K, reserved 1114112K
  class space    used 9175K, committed 9472K, reserved 1048576K
}
Event: 8.638 GC heap before
{Heap before GC invocations=23 (full 0):
 garbage-first heap   total 133120K, used 52252K [0x0000000080000000, 0x0000000100000000)
  region size 1024K, 6 young (6144K), 5 survivors (5120K)
 Metaspace       used 67388K, committed 67968K, reserved 1114112K
  class space    used 9193K, committed 9472K, reserved 1048576K
}
Event: 8.642 GC heap after
{Heap after GC invocations=24 (full 0):
 garbage-first heap   total 133120K, used 52259K [0x0000000080000000, 0x0000000100000000)
  region size 1024K, 1 young (1024K), 1 survivors (1024K)
 Metaspace       used 67388K, committed 67968K, reserved 1114112K
  class space    used 9193K, committed 9472K, reserved 1048576K
}
Event: 9.284 GC heap before
{Heap before GC invocations=24 (full 0):
 garbage-first heap   total 133120K, used 116771K [0x0000000080000000, 0x0000000100000000)
  region size 1024K, 58 young (59392K), 1 survivors (1024K)
 Metaspace       used 73212K, committed 73856K, reserved 1114112K
  class space    used 9923K, committed 10176K, reserved 1048576K
}
Event: 9.288 GC heap after
{Heap after GC invocations=25 (full 0):
 garbage-first heap   total 133120K, used 65071K [0x0000000080000000, 0x0000000100000000)
  region size 1024K, 7 young (7168K), 7 survivors (7168K)
 Metaspace       used 73212K, committed 73856K, reserved 1114112K
  class space    used 9923K, committed 10176K, reserved 1048576K
}
Event: 9.721 GC heap before
{Heap before GC invocations=25 (full 0):
 garbage-first heap   total 133120K, used 108079K [0x0000000080000000, 0x0000000100000000)
  region size 1024K, 49 young (50176K), 7 survivors (7168K)
 Metaspace       used 76974K, committed 77504K, reserved 1179648K
  class space    used 10367K, committed 10624K, reserved 1048576K
}
Event: 9.729 GC heap after
{Heap after GC invocations=26 (full 0):
 garbage-first heap   total 133120K, used 63851K [0x0000000080000000, 0x0000000100000000)
  region size 1024K, 7 young (7168K), 7 survivors (7168K)
 Metaspace       used 76974K, committed 77504K, reserved 1179648K
  class space    used 10367K, committed 10624K, reserved 1048576K
}
Event: 9.791 GC heap before
{Heap before GC invocations=26 (full 0):
 garbage-first heap   total 133120K, used 67947K [0x0000000080000000, 0x0000000100000000)
  region size 1024K, 12 young (12288K), 7 survivors (7168K)
 Metaspace       used 77469K, committed 78016K, reserved 1179648K
  class space    used 10432K, committed 10688K, reserved 1048576K
}
Event: 9.794 GC heap after
{Heap after GC invocations=27 (full 0):
 garbage-first heap   total 133120K, used 64907K [0x0000000080000000, 0x0000000100000000)
  region size 1024K, 1 young (1024K), 1 survivors (1024K)
 Metaspace       used 77469K, committed 78016K, reserved 1179648K
  class space    used 10432K, committed 10688K, reserved 1048576K
}
Event: 10.401 GC heap before
{Heap before GC invocations=28 (full 0):
 garbage-first heap   total 133120K, used 115083K [0x0000000080000000, 0x0000000100000000)
  region size 1024K, 43 young (44032K), 1 survivors (1024K)
 Metaspace       used 81918K, committed 82432K, reserved 1179648K
  class space    used 10844K, committed 11072K, reserved 1048576K
}
Event: 10.404 GC heap after
{Heap after GC invocations=29 (full 0):
 garbage-first heap   total 133120K, used 74295K [0x0000000080000000, 0x0000000100000000)
  region size 1024K, 4 young (4096K), 4 survivors (4096K)
 Metaspace       used 81918K, committed 82432K, reserved 1179648K
  class space    used 10844K, committed 11072K, reserved 1048576K
}
Event: 10.432 GC heap before
{Heap before GC invocations=29 (full 0):
 garbage-first heap   total 133120K, used 75319K [0x0000000080000000, 0x0000000100000000)
  region size 1024K, 6 young (6144K), 4 survivors (4096K)
 Metaspace       used 82296K, committed 82880K, reserved 1179648K
  class space    used 10873K, committed 11136K, reserved 1048576K
}
Event: 10.435 GC heap after
{Heap after GC invocations=30 (full 0):
 garbage-first heap   total 133120K, used 74266K [0x0000000080000000, 0x0000000100000000)
  region size 1024K, 1 young (1024K), 1 survivors (1024K)
 Metaspace       used 82296K, committed 82880K, reserved 1179648K
  class space    used 10873K, committed 11136K, reserved 1048576K
}
Event: 10.922 GC heap before
{Heap before GC invocations=30 (full 0):
 garbage-first heap   total 133120K, used 110106K [0x0000000080000000, 0x0000000100000000)
  region size 1024K, 36 young (36864K), 1 survivors (1024K)
 Metaspace       used 86635K, committed 87168K, reserved 1179648K
  class space    used 11395K, committed 11648K, reserved 1048576K
}
Event: 10.925 GC heap after
{Heap after GC invocations=31 (full 0):
 garbage-first heap   total 133120K, used 75512K [0x0000000080000000, 0x0000000100000000)
  region size 1024K, 2 young (2048K), 2 survivors (2048K)
 Metaspace       used 86635K, committed 87168K, reserved 1179648K
  class space    used 11395K, committed 11648K, reserved 1048576K
}
Event: 11.443 GC heap before
{Heap before GC invocations=32 (full 0):
 garbage-first heap   total 133120K, used 111352K [0x0000000080000000, 0x0000000100000000)
  region size 1024K, 37 young (37888K), 2 survivors (2048K)
 Metaspace       used 91296K, committed 91840K, reserved 1179648K
  class space    used 12003K, committed 12224K, reserved 1048576K
}
Event: 11.447 GC heap after
{Heap after GC invocations=33 (full 0):
 garbage-first heap   total 133120K, used 77922K [0x0000000080000000, 0x0000000100000000)
  region size 1024K, 5 young (5120K), 5 survivors (5120K)
 Metaspace       used 91296K, committed 91840K, reserved 1179648K
  class space    used 12003K, committed 12224K, reserved 1048576K
}
Event: 11.458 GC heap before
{Heap before GC invocations=33 (full 0):
 garbage-first heap   total 133120K, used 78946K [0x0000000080000000, 0x0000000100000000)
  region size 1024K, 6 young (6144K), 5 survivors (5120K)
 Metaspace       used 91456K, committed 92032K, reserved 1179648K
  class space    used 12013K, committed 12288K, reserved 1048576K
}
Event: 11.461 GC heap after
{Heap after GC invocations=34 (full 0):
 garbage-first heap   total 133120K, used 77837K [0x0000000080000000, 0x0000000100000000)
  region size 1024K, 1 young (1024K), 1 survivors (1024K)
 Metaspace       used 91456K, committed 92032K, reserved 1179648K
  class space    used 12013K, committed 12288K, reserved 1048576K
}
Event: 11.659 GC heap before
{Heap before GC invocations=34 (full 0):
 garbage-first heap   total 133120K, used 112653K [0x0000000080000000, 0x0000000100000000)
  region size 1024K, 34 young (34816K), 1 survivors (1024K)
 Metaspace       used 92517K, committed 93056K, reserved 1179648K
  class space    used 12134K, committed 12352K, reserved 1048576K
}

Dll operation events (3 events):
Event: 0.009 Loaded shared library C:\Program Files\Android\Android Studio\jbr\bin\java.dll
Event: 0.134 Loaded shared library C:\Program Files\Android\Android Studio\jbr\bin\zip.dll
Event: 0.348 Loaded shared library C:\Program Files\Android\Android Studio\jbr\bin\verify.dll

Deoptimization events (20 events):
Event: 11.076 Thread 0x000002b0b0004f20 DEOPT PACKING pc=0x000002b094581279 sp=0x000000cfdd1f3bf0
Event: 11.076 Thread 0x000002b0b0004f20 DEOPT UNPACKING pc=0x000002b09ba07143 sp=0x000000cfdd1f30b0 mode 0
Event: 11.076 Thread 0x000002b0b0004f20 DEOPT PACKING pc=0x000002b094ef9da0 sp=0x000000cfdd1f3b80
Event: 11.076 Thread 0x000002b0b0004f20 DEOPT UNPACKING pc=0x000002b09ba07143 sp=0x000000cfdd1f3028 mode 0
Event: 11.340 Thread 0x000002b0b0004f20 Uncommon trap: trap_request=0xffffff45 fr.pc=0x000002b09c27d8e4 relative=0x00000000000000c4
Event: 11.340 Thread 0x000002b0b0004f20 Uncommon trap: reason=unstable_if action=reinterpret pc=0x000002b09c27d8e4 method=java.text.StringCharacterIterator.current()C @ 19 c2
Event: 11.340 Thread 0x000002b0b0004f20 DEOPT PACKING pc=0x000002b09c27d8e4 sp=0x000000cfdd1f3390
Event: 11.340 Thread 0x000002b0b0004f20 DEOPT UNPACKING pc=0x000002b09ba069a3 sp=0x000000cfdd1f3328 mode 2
Event: 11.474 Thread 0x000002b0b0004f20 DEOPT PACKING pc=0x000002b09479ceac sp=0x000000cfdd1f3ff0
Event: 11.474 Thread 0x000002b0b0004f20 DEOPT UNPACKING pc=0x000002b09ba07143 sp=0x000000cfdd1f34a0 mode 0
Event: 11.587 Thread 0x000002b0b0004f20 DEOPT PACKING pc=0x000002b094786340 sp=0x000000cfdd1f34e0
Event: 11.587 Thread 0x000002b0b0004f20 DEOPT UNPACKING pc=0x000002b09ba07143 sp=0x000000cfdd1f29f0 mode 0
Event: 11.656 Thread 0x000002b0b0004f20 Uncommon trap: trap_request=0xffffffc6 fr.pc=0x000002b09c234b18 relative=0x0000000000000078
Event: 11.656 Thread 0x000002b0b0004f20 Uncommon trap: reason=bimorphic_or_optimized_type_check action=maybe_recompile pc=0x000002b09c234b18 method=java.util.Collections$UnmodifiableCollection.size()I @ 4 c2
Event: 11.656 Thread 0x000002b0b0004f20 DEOPT PACKING pc=0x000002b09c234b18 sp=0x000000cfdd1f3fd0
Event: 11.656 Thread 0x000002b0b0004f20 DEOPT UNPACKING pc=0x000002b09ba069a3 sp=0x000000cfdd1f3f58 mode 2
Event: 11.656 Thread 0x000002b0b0004f20 Uncommon trap: trap_request=0xffffffc6 fr.pc=0x000002b09c234b18 relative=0x0000000000000078
Event: 11.656 Thread 0x000002b0b0004f20 Uncommon trap: reason=bimorphic_or_optimized_type_check action=maybe_recompile pc=0x000002b09c234b18 method=java.util.Collections$UnmodifiableCollection.size()I @ 4 c2
Event: 11.656 Thread 0x000002b0b0004f20 DEOPT PACKING pc=0x000002b09c234b18 sp=0x000000cfdd1f43b0
Event: 11.656 Thread 0x000002b0b0004f20 DEOPT UNPACKING pc=0x000002b09ba069a3 sp=0x000000cfdd1f4340 mode 2

Classes unloaded (20 events):
Event: 9.837 Thread 0x000002b0aae0c450 Unloading class 0x00000001006ea638 'GradleDaemonClasspathEnhancer$_findJarsForClasses_closure3'
Event: 9.837 Thread 0x000002b0aae0c450 Unloading class 0x00000001006ea228 'GradleDaemonClasspathEnhancer$_getTestClasspath_closure2'
Event: 9.837 Thread 0x000002b0aae0c450 Unloading class 0x00000001006e9e18 'GradleDaemonClasspathEnhancer$_enhanceGradleDaemonClasspath_closure1'
Event: 9.837 Thread 0x000002b0aae0c450 Unloading class 0x00000001006e9b58 'GradleDaemonClasspathEnhancer'
Event: 9.837 Thread 0x000002b0aae0c450 Unloading class 0x00000001006e9888 'IjTestEventLogger$2'
Event: 9.837 Thread 0x000002b0aae0c450 Unloading class 0x00000001006e9588 'IjTestEventLogger$1'
Event: 9.837 Thread 0x000002b0aae0c450 Unloading class 0x00000001006e92d8 'IjTestEventLogger'
Event: 9.837 Thread 0x000002b0aae0c450 Unloading class 0x00000001006e8ec8 'TestEventLogger$_logTestResult_closure3'
Event: 9.837 Thread 0x000002b0aae0c450 Unloading class 0x00000001006e8ab8 'TestEventLogger$_logTestOutputEvent_closure2'
Event: 9.837 Thread 0x000002b0aae0c450 Unloading class 0x00000001006e86a8 'TestEventLogger$_logTestEvent_closure1$_closure4'
Event: 9.837 Thread 0x000002b0aae0c450 Unloading class 0x00000001006e8298 'TestEventLogger$_logTestEvent_closure1'
Event: 9.837 Thread 0x000002b0aae0c450 Unloading class 0x00000001006e8000 'TestEventLogger'
Event: 9.837 Thread 0x000002b0aae0c450 Unloading class 0x00000001006e5b20 'KotlinMppTestLogger$2'
Event: 9.837 Thread 0x000002b0aae0c450 Unloading class 0x00000001006e5820 'KotlinMppTestLogger$1'
Event: 9.837 Thread 0x000002b0aae0c450 Unloading class 0x00000001006e5410 'KotlinMppTestLogger$_logConfigurationError_closure2'
Event: 9.837 Thread 0x000002b0aae0c450 Unloading class 0x00000001006e5000 'KotlinMppTestLogger$_logTestEvent_closure1$_closure3$_closure5'
Event: 9.837 Thread 0x000002b0aae0c450 Unloading class 0x00000001006e4ad0 'KotlinMppTestLogger$_logTestEvent_closure1$_closure3$_closure4'
Event: 9.837 Thread 0x000002b0aae0c450 Unloading class 0x00000001006e46c0 'KotlinMppTestLogger$_logTestEvent_closure1$_closure3'
Event: 9.837 Thread 0x000002b0aae0c450 Unloading class 0x00000001006e42b0 'KotlinMppTestLogger$_logTestEvent_closure1'
Event: 9.837 Thread 0x000002b0aae0c450 Unloading class 0x00000001006e4000 'KotlinMppTestLogger'

Classes redefined (0 events):
No events

Internal exceptions (20 events):
Event: 7.990 Thread 0x000002b0b0004f20 Implicit null exception at 0x000002b09bf96d72 to 0x000002b09bf9734c
Event: 8.218 Thread 0x000002b0b0004f20 Exception <a 'sun/nio/fs/WindowsException'{0x0000000085c8aff8}> (0x0000000085c8aff8) 
thrown [s\src\hotspot\share\prims\jni.cpp, line 531]
Event: 8.218 Thread 0x000002b0b0004f20 Exception <a 'sun/nio/fs/WindowsException'{0x0000000085c8cb08}> (0x0000000085c8cb08) 
thrown [s\src\hotspot\share\prims\jni.cpp, line 531]
Event: 8.403 Thread 0x000002b0b0004f20 Exception <a 'java/lang/NoSuchMethodError'{0x00000000852d34a0}: 'long java.lang.invoke.DirectMethodHandle$Holder.invokeStatic(java.lang.Object)'> (0x00000000852d34a0) 
thrown [s\src\hotspot\share\interpreter\linkResolver.cpp, line 771]
Event: 8.404 Thread 0x000002b0b0004f20 Exception <a 'java/lang/NoSuchMethodError'{0x00000000852d7de0}: 'long java.lang.invoke.DirectMethodHandle$Holder.invokeStaticInit(java.lang.Object)'> (0x00000000852d7de0) 
thrown [s\src\hotspot\share\interpreter\linkResolver.cpp, line 771]
Event: 8.485 Thread 0x000002b0b0004f20 Exception <a 'java/lang/NoSuchMethodError'{0x0000000084dff498}: 'long java.lang.invoke.Invokers$Holder.invoke_MT(java.lang.Object, java.lang.Object, java.lang.Object, java.lang.Object)'> (0x0000000084dff498) 
thrown [s\src\hotspot\share\interpreter\linkResolver.cpp, line 771]
Event: 8.486 Thread 0x000002b0b0004f20 Exception <a 'java/lang/NoSuchMethodError'{0x0000000084c08a88}: 'int java.lang.invoke.Invokers$Holder.invoke_MT(java.lang.Object, java.lang.Object, java.lang.Object, java.lang.Object)'> (0x0000000084c08a88) 
thrown [s\src\hotspot\share\interpreter\linkResolver.cpp, line 771]
Event: 8.487 Thread 0x000002b0b0004f20 Exception <a 'java/lang/NoSuchMethodError'{0x0000000084c19098}: 'void java.lang.invoke.DelegatingMethodHandle$Holder.reinvoke_L(java.lang.Object, java.lang.Object, java.lang.Object, long, java.lang.Object)'> (0x0000000084c19098) 
thrown [s\src\hotspot\share\interpreter\linkResolver.cpp, line 771]
Event: 8.488 Thread 0x000002b0b0004f20 Exception <a 'java/lang/NoSuchMethodError'{0x0000000084c21720}: 'java.lang.Object java.lang.invoke.DirectMethodHandle$Holder.invokeSpecial(java.lang.Object, java.lang.Object, java.lang.Object, java.lang.Object, long)'> (0x0000000084c21720) 
thrown [s\src\hotspot\share\interpreter\linkResolver.cpp, line 771]
Event: 8.490 Thread 0x000002b0b0004f20 Exception <a 'java/lang/NoSuchMethodError'{0x0000000084c31ef0}: 'int java.lang.invoke.DelegatingMethodHandle$Holder.reinvoke_L(java.lang.Object, java.lang.Object, java.lang.Object, long, java.lang.Object, java.lang.Object)'> (0x0000000084c31ef0) 
thrown [s\src\hotspot\share\interpreter\linkResolver.cpp, line 771]
Event: 8.491 Thread 0x000002b0b0004f20 Exception <a 'java/lang/NoSuchMethodError'{0x0000000084c41d18}: 'int java.lang.invoke.DelegatingMethodHandle$Holder.reinvoke_L(java.lang.Object, java.lang.Object, java.lang.Object, long, int, int)'> (0x0000000084c41d18) 
thrown [s\src\hotspot\share\interpreter\linkResolver.cpp, line 771]
Event: 8.492 Thread 0x000002b0b0004f20 Exception <a 'java/lang/NoSuchMethodError'{0x0000000084c518e8}: 'int java.lang.invoke.DelegatingMethodHandle$Holder.reinvoke_L(java.lang.Object, java.lang.Object, java.lang.Object, long, long, long)'> (0x0000000084c518e8) 
thrown [s\src\hotspot\share\interpreter\linkResolver.cpp, line 771]
Event: 8.493 Thread 0x000002b0b0004f20 Exception <a 'java/lang/NoSuchMethodError'{0x0000000084c61198}: 'int java.lang.invoke.DelegatingMethodHandle$Holder.reinvoke_L(java.lang.Object, java.lang.Object, java.lang.Object, long, int)'> (0x0000000084c61198) 
thrown [s\src\hotspot\share\interpreter\linkResolver.cpp, line 771]
Event: 9.096 Thread 0x000002b0b0004f20 Exception <a 'java/lang/NoSuchMethodError'{0x000000008618abd8}: 'java.lang.Object java.lang.invoke.Invokers$Holder.invokeExact_MT(java.lang.Object, java.lang.Object, long, java.lang.Object)'> (0x000000008618abd8) 
thrown [s\src\hotspot\share\interpreter\linkResolver.cpp, line 771]
Event: 9.130 Thread 0x000002b0b0004f20 Exception <a 'java/lang/NoSuchMethodError'{0x0000000085fee988}: 'java.lang.Object java.lang.invoke.Invokers$Holder.invoke_MT(java.lang.Object, java.lang.Object, java.lang.Object)'> (0x0000000085fee988) 
thrown [s\src\hotspot\share\interpreter\linkResolver.cpp, line 771]
Event: 11.086 Thread 0x000002b0b0004f20 Exception <a 'java/lang/NoSuchMethodError'{0x000000008758d1d0}: 'java.lang.Object java.lang.invoke.DirectMethodHandle$Holder.newInvokeSpecial(java.lang.Object, java.lang.Object, int)'> (0x000000008758d1d0) 
thrown [s\src\hotspot\share\interpreter\linkResolver.cpp, line 771]
Event: 11.265 Thread 0x000002b0b0004f20 Exception <a 'java/lang/NoSuchMethodError'{0x000000008695f220}: 'java.lang.Object java.lang.invoke.DirectMethodHandle$Holder.invokeStatic(java.lang.Object, java.lang.Object, java.lang.Object, java.lang.Object, int)'> (0x000000008695f220) 
thrown [s\src\hotspot\share\interpreter\linkResolver.cpp, line 771]
Event: 11.266 Thread 0x000002b0b0004f20 Exception <a 'java/lang/NoSuchMethodError'{0x0000000086969fb8}: 'java.lang.Object java.lang.invoke.DirectMethodHandle$Holder.newInvokeSpecial(java.lang.Object, java.lang.Object, java.lang.Object, java.lang.Object, int)'> (0x0000000086969fb8) 
thrown [s\src\hotspot\share\interpreter\linkResolver.cpp, line 771]
Event: 11.266 Thread 0x000002b0b0004f20 Exception <a 'java/lang/NoSuchMethodError'{0x000000008696fd80}: 'java.lang.Object java.lang.invoke.DirectMethodHandle$Holder.invokeSpecial(java.lang.Object, java.lang.Object, java.lang.Object, java.lang.Object, java.lang.Object, int)'> (0x000000008696fd80) 
thrown [s\src\hotspot\share\interpreter\linkResolver.cpp, line 771]
Event: 11.266 Thread 0x000002b0b0004f20 Exception <a 'java/lang/NoSuchMethodError'{0x00000000869754f8}: 'java.lang.Object java.lang.invoke.Invokers$Holder.linkToTargetMethod(java.lang.Object, java.lang.Object, java.lang.Object, int, java.lang.Object)'> (0x00000000869754f8) 
thrown [s\src\hotspot\share\interpreter\linkResolver.cpp, line 771]

VM Operations (20 events):
Event: 10.756 Executing VM operation: HandshakeAllThreads done
Event: 10.842 Executing VM operation: HandshakeAllThreads
Event: 10.842 Executing VM operation: HandshakeAllThreads done
Event: 10.922 Executing VM operation: G1CollectForAllocation
Event: 10.925 Executing VM operation: G1CollectForAllocation done
Event: 10.973 Executing VM operation: G1PauseRemark
Event: 10.975 Executing VM operation: G1PauseRemark done
Event: 10.998 Executing VM operation: G1PauseCleanup
Event: 10.999 Executing VM operation: G1PauseCleanup done
Event: 11.324 Executing VM operation: HandshakeAllThreads
Event: 11.324 Executing VM operation: HandshakeAllThreads done
Event: 11.425 Executing VM operation: ICBufferFull
Event: 11.425 Executing VM operation: ICBufferFull done
Event: 11.443 Executing VM operation: G1CollectForAllocation
Event: 11.447 Executing VM operation: G1CollectForAllocation done
Event: 11.458 Executing VM operation: G1CollectForAllocation
Event: 11.461 Executing VM operation: G1CollectForAllocation done
Event: 11.570 Executing VM operation: HandshakeAllThreads
Event: 11.570 Executing VM operation: HandshakeAllThreads done
Event: 11.658 Executing VM operation: G1CollectForAllocation

Events (20 events):
Event: 9.359 loading class java/nio/channels/Channels$ReadableByteChannelImpl
Event: 9.359 loading class java/nio/channels/Channels$ReadableByteChannelImpl done
Event: 9.360 loading class java/nio/channels/NonWritableChannelException
Event: 9.360 loading class java/nio/channels/NonWritableChannelException done
Event: 10.898 loading class java/text/StringCharacterIterator
Event: 10.898 loading class java/text/CharacterIterator
Event: 10.898 loading class java/text/CharacterIterator done
Event: 10.898 loading class java/text/StringCharacterIterator done
Event: 10.958 loading class java/io/NotSerializableException
Event: 10.959 loading class java/io/NotSerializableException done
Event: 11.191 loading class java/util/function/IntUnaryOperator
Event: 11.191 loading class java/util/function/IntUnaryOperator done
Event: 11.244 loading class java/util/AbstractList$SubList
Event: 11.244 loading class java/util/AbstractList$SubList done
Event: 11.244 loading class java/util/AbstractList$SubList$1
Event: 11.245 loading class java/util/AbstractList$SubList$1 done
Event: 11.614 loading class java/util/concurrent/LinkedBlockingDeque$Itr
Event: 11.615 loading class java/util/concurrent/LinkedBlockingDeque$AbstractItr
Event: 11.615 loading class java/util/concurrent/LinkedBlockingDeque$AbstractItr done
Event: 11.615 loading class java/util/concurrent/LinkedBlockingDeque$Itr done


Dynamic libraries:
0x00007ff73f0f0000 - 0x00007ff73f0fa000 	C:\Program Files\Android\Android Studio\jbr\bin\java.exe
0x00007ff956210000 - 0x00007ff956427000 	C:\Windows\SYSTEM32\ntdll.dll
0x00007ff954950000 - 0x00007ff954a14000 	C:\Windows\System32\KERNEL32.DLL
0x00007ff953520000 - 0x00007ff9538d7000 	C:\Windows\System32\KERNELBASE.dll
0x00007ff9538e0000 - 0x00007ff9539f1000 	C:\Windows\System32\ucrtbase.dll
0x00007ff925230000 - 0x00007ff925247000 	C:\Program Files\Android\Android Studio\jbr\bin\jli.dll
0x00007ff8bff10000 - 0x00007ff8bff2b000 	C:\Program Files\Android\Android Studio\jbr\bin\VCRUNTIME140.dll
0x00007ff954640000 - 0x00007ff9547ef000 	C:\Windows\System32\USER32.dll
0x00007ff93e9b0000 - 0x00007ff93ec43000 	C:\Windows\WinSxS\amd64_microsoft.windows.common-controls_6595b64144ccf1df_6.0.22621.3672_none_2713b9d173822955\COMCTL32.dll
0x00007ff953e60000 - 0x00007ff953e86000 	C:\Windows\System32\win32u.dll
0x00007ff954840000 - 0x00007ff9548e7000 	C:\Windows\System32\msvcrt.dll
0x00007ff956090000 - 0x00007ff9560b9000 	C:\Windows\System32\GDI32.dll
0x00007ff953c30000 - 0x00007ff953d48000 	C:\Windows\System32\gdi32full.dll
0x00007ff953d50000 - 0x00007ff953dea000 	C:\Windows\System32\msvcp_win.dll
0x00007ff955420000 - 0x00007ff955451000 	C:\Windows\System32\IMM32.DLL
0x00007ff925220000 - 0x00007ff92522c000 	C:\Program Files\Android\Android Studio\jbr\bin\vcruntime140_1.dll
0x00007ff8bf650000 - 0x00007ff8bf6dd000 	C:\Program Files\Android\Android Studio\jbr\bin\msvcp140.dll
0x00007ff91fa10000 - 0x00007ff920693000 	C:\Program Files\Android\Android Studio\jbr\bin\server\jvm.dll
0x00007ff953f40000 - 0x00007ff953ff2000 	C:\Windows\System32\ADVAPI32.dll
0x00007ff954000000 - 0x00007ff9540a8000 	C:\Windows\System32\sechost.dll
0x00007ff953f10000 - 0x00007ff953f38000 	C:\Windows\System32\bcrypt.dll
0x00007ff9540b0000 - 0x00007ff9541c4000 	C:\Windows\System32\RPCRT4.dll
0x00007ff94f2c0000 - 0x00007ff94f2f4000 	C:\Windows\SYSTEM32\WINMM.dll
0x00007ff93f2d0000 - 0x00007ff93f2d9000 	C:\Windows\SYSTEM32\WSOCK32.dll
0x00007ff952ec0000 - 0x00007ff952f0d000 	C:\Windows\SYSTEM32\POWRPROF.dll
0x00007ff949800000 - 0x00007ff94980a000 	C:\Windows\SYSTEM32\VERSION.dll
0x00007ff9560c0000 - 0x00007ff956131000 	C:\Windows\System32\WS2_32.dll
0x00007ff952e30000 - 0x00007ff952e43000 	C:\Windows\SYSTEM32\UMPDC.dll
0x00007ff952570000 - 0x00007ff952588000 	C:\Windows\SYSTEM32\kernel.appcore.dll
0x00007ff931780000 - 0x00007ff93178a000 	C:\Program Files\Android\Android Studio\jbr\bin\jimage.dll
0x00007ff94e380000 - 0x00007ff94e5b2000 	C:\Windows\SYSTEM32\DBGHELP.DLL
0x00007ff9541d0000 - 0x00007ff95455e000 	C:\Windows\System32\combase.dll
0x00007ff954560000 - 0x00007ff954637000 	C:\Windows\System32\OLEAUT32.dll
0x00007ff8f2bb0000 - 0x00007ff8f2be2000 	C:\Windows\SYSTEM32\dbgcore.DLL
0x00007ff953e90000 - 0x00007ff953f0b000 	C:\Windows\System32\bcryptPrimitives.dll
0x00007ff92e160000 - 0x00007ff92e16e000 	C:\Program Files\Android\Android Studio\jbr\bin\instrument.dll
0x00007ff925390000 - 0x00007ff9253b5000 	C:\Program Files\Android\Android Studio\jbr\bin\java.dll
0x00007ff925370000 - 0x00007ff925388000 	C:\Program Files\Android\Android Studio\jbr\bin\zip.dll
0x00007ff955460000 - 0x00007ff955cc9000 	C:\Windows\System32\SHELL32.dll
0x00007ff951450000 - 0x00007ff951d4f000 	C:\Windows\SYSTEM32\windows.storage.dll
0x00007ff951310000 - 0x00007ff95144f000 	C:\Windows\SYSTEM32\wintypes.dll
0x00007ff954b20000 - 0x00007ff954c19000 	C:\Windows\System32\SHCORE.dll
0x00007ff956170000 - 0x00007ff9561ce000 	C:\Windows\System32\shlwapi.dll
0x00007ff953450000 - 0x00007ff953477000 	C:\Windows\SYSTEM32\profapi.dll
0x00007ff925350000 - 0x00007ff925369000 	C:\Program Files\Android\Android Studio\jbr\bin\net.dll
0x00007ff9500b0000 - 0x00007ff9501e6000 	C:\Windows\SYSTEM32\WINHTTP.dll
0x00007ff9529e0000 - 0x00007ff952a49000 	C:\Windows\system32\mswsock.dll
0x00007ff925330000 - 0x00007ff925346000 	C:\Program Files\Android\Android Studio\jbr\bin\nio.dll
0x00007ff92e9f0000 - 0x00007ff92ea00000 	C:\Program Files\Android\Android Studio\jbr\bin\verify.dll
0x00007ff93d920000 - 0x00007ff93d947000 	D:\Semester 5\PROYEK MANDIRI S5\Pemesanan-Tiket\native\c067742578af261105cb4f569cf0c3c89f3d7b1fecec35dd04571415982c5e48\windows-amd64\native-platform.dll
0x00007ff901380000 - 0x00007ff9014c4000 	D:\Semester 5\PROYEK MANDIRI S5\Pemesanan-Tiket\native\38dada09dfb8b06ba9b0570ebf7e218e3eb74d4ef43ca46872605cf95ebc2f47\windows-amd64\native-platform-file-events.dll
0x00007ff930d00000 - 0x00007ff930d09000 	C:\Program Files\Android\Android Studio\jbr\bin\management.dll
0x00007ff92eb80000 - 0x00007ff92eb8b000 	C:\Program Files\Android\Android Studio\jbr\bin\management_ext.dll
0x00007ff954a20000 - 0x00007ff954a28000 	C:\Windows\System32\PSAPI.DLL
0x00007ff952c30000 - 0x00007ff952c4b000 	C:\Windows\SYSTEM32\CRYPTSP.dll
0x00007ff9524d0000 - 0x00007ff952505000 	C:\Windows\system32\rsaenh.dll
0x00007ff952ad0000 - 0x00007ff952af8000 	C:\Windows\SYSTEM32\USERENV.dll
0x00007ff952c50000 - 0x00007ff952c5c000 	C:\Windows\SYSTEM32\CRYPTBASE.dll
0x00007ff952000000 - 0x00007ff95202d000 	C:\Windows\SYSTEM32\IPHLPAPI.DLL
0x00007ff955360000 - 0x00007ff955369000 	C:\Windows\System32\NSI.dll
0x00007ff94f630000 - 0x00007ff94f649000 	C:\Windows\SYSTEM32\dhcpcsvc6.DLL
0x00007ff94f5c0000 - 0x00007ff94f5df000 	C:\Windows\SYSTEM32\dhcpcsvc.DLL
0x00007ff952080000 - 0x00007ff952182000 	C:\Windows\SYSTEM32\DNSAPI.dll
0x00007ff9311d0000 - 0x00007ff9311d9000 	C:\Program Files\Android\Android Studio\jbr\bin\extnet.dll
0x00007ff944620000 - 0x00007ff944628000 	C:\Windows\system32\wshunix.dll

dbghelp: loaded successfully - version: 4.0.5 - missing functions: none
symbol engine: initialized successfully - sym options: 0x614 - pdb path: .;C:\Program Files\Android\Android Studio\jbr\bin;C:\Windows\SYSTEM32;C:\Windows\WinSxS\amd64_microsoft.windows.common-controls_6595b64144ccf1df_6.0.22621.3672_none_2713b9d173822955;C:\Program Files\Android\Android Studio\jbr\bin\server;D:\Semester 5\PROYEK MANDIRI S5\Pemesanan-Tiket\native\c067742578af261105cb4f569cf0c3c89f3d7b1fecec35dd04571415982c5e48\windows-amd64;D:\Semester 5\PROYEK MANDIRI S5\Pemesanan-Tiket\native\38dada09dfb8b06ba9b0570ebf7e218e3eb74d4ef43ca46872605cf95ebc2f47\windows-amd64

VM Arguments:
jvm_args: --add-opens=java.base/java.util=ALL-UNNAMED --add-opens=java.base/java.lang=ALL-UNNAMED --add-opens=java.base/java.lang.invoke=ALL-UNNAMED --add-opens=java.prefs/java.util.prefs=ALL-UNNAMED --add-opens=java.base/java.nio.charset=ALL-UNNAMED --add-opens=java.base/java.net=ALL-UNNAMED --add-opens=java.base/java.util.concurrent.atomic=ALL-UNNAMED -Xmx2048m -Dfile.encoding=UTF-8 -Duser.country=US -Duser.language=en -Duser.variant -javaagent:D:\Semester 5\PROYEK MANDIRI S5\Pemesanan-Tiket\wrapper\dists\gradle-8.7-bin\bhs2wmbdwecv87pi65oeuq5iu\gradle-8.7\lib\agents\gradle-instrumentation-agent-8.7.jar 
java_command: org.gradle.launcher.daemon.bootstrap.GradleDaemon 8.7
java_class_path (initial): D:\Semester 5\PROYEK MANDIRI S5\Pemesanan-Tiket\wrapper\dists\gradle-8.7-bin\bhs2wmbdwecv87pi65oeuq5iu\gradle-8.7\lib\gradle-launcher-8.7.jar
Launcher Type: SUN_STANDARD

[Global flags]
     intx CICompilerCount                          = 4                                         {product} {ergonomic}
     uint ConcGCThreads                            = 2                                         {product} {ergonomic}
     uint G1ConcRefinementThreads                  = 8                                         {product} {ergonomic}
   size_t G1HeapRegionSize                         = 1048576                                   {product} {ergonomic}
    uintx GCDrainStackTargetSize                   = 64                                        {product} {ergonomic}
   size_t InitialHeapSize                          = 123731968                                 {product} {ergonomic}
   size_t MarkStackSize                            = 4194304                                   {product} {ergonomic}
   size_t MaxHeapSize                              = 2147483648                                {product} {command line}
   size_t MaxNewSize                               = 1287651328                                {product} {ergonomic}
   size_t MinHeapDeltaBytes                        = 1048576                                   {product} {ergonomic}
   size_t MinHeapSize                              = 8388608                                   {product} {ergonomic}
    uintx NonNMethodCodeHeapSize                   = 5839372                                {pd product} {ergonomic}
    uintx NonProfiledCodeHeapSize                  = 122909434                              {pd product} {ergonomic}
    uintx ProfiledCodeHeapSize                     = 122909434                              {pd product} {ergonomic}
    uintx ReservedCodeCacheSize                    = 251658240                              {pd product} {ergonomic}
     bool SegmentedCodeCache                       = true                                      {product} {ergonomic}
   size_t SoftMaxHeapSize                          = 2147483648                             {manageable} {ergonomic}
     bool UseCompressedClassPointers               = true                           {product lp64_product} {ergonomic}
     bool UseCompressedOops                        = true                           {product lp64_product} {ergonomic}
     bool UseG1GC                                  = true                                      {product} {ergonomic}
     bool UseLargePagesIndividualAllocation        = false                                  {pd product} {ergonomic}

Logging:
Log output configuration:
 #0: stdout all=warning uptime,level,tags
 #1: stderr all=off uptime,level,tags

Environment Variables:
PATH=C:\Program Files (x86)\Common Files\Intel\Shared Files\cpp\bin\Intel64;C:\xampp\php;C:\xampp\php;C:\Users\asus\AppData\Local\Programs\Microsoft VS Code\bin
USERNAME=asus
OS=Windows_NT
PROCESSOR_IDENTIFIER=AMD64 Family 23 Model 160 Stepping 0, AuthenticAMD
TMP=C:\Users\asus\AppData\Local\Temp
TEMP=C:\Users\asus\AppData\Local\Temp



Periodic native trim disabled

JNI global refs:
JNI global refs: 26, weak refs: 28

JNI global refs memory usage: 843, weak refs: 841

Process memory usage:
Resident Set Size: 354488K (4% of 7634556K total physical memory with 262604K free physical memory)

OOME stack traces (most recent first):
Classloader memory used:
Loader org.gradle.internal.classloader.VisitableURLClassLoader                         : 8452K
Loader bootstrap                                                                       : 2467K
Loader org.gradle.initialization.MixInLegacyTypesClassLoader                           : 494K
Loader jdk.internal.loader.ClassLoaders$PlatformClassLoader                            : 65624B
Loader jdk.internal.jrtfs.JrtFileSystemProvider$JrtFsLoader                            : 40023B
Loader jdk.internal.loader.ClassLoaders$AppClassLoader                                 : 28721B
Loader org.gradle.groovy.scripts.internal.DefaultScriptCompilationHandler$ScriptClassLoader: 9432B
Loader jdk.internal.reflect.DelegatingClassLoader                                      : 8186B
Loader org.codehaus.groovy.runtime.callsite.CallSiteClassLoader                        : 1270B

Classes loaded by more than one classloader:
Class org.gradle.internal.installation.GradleInstallation                             : loaded 2 times (x 73B)
Class org.gradle.internal.classpath.ClassPath                                         : loaded 2 times (x 68B)
Class org.gradle.api.internal.classpath.DefaultModuleRegistry                         : loaded 2 times (x 84B)
Class jdk.internal.jimage.BasicImageReader$1                                          : loaded 2 times (x 75B)
Class org.gradle.api.Action                                                           : loaded 2 times (x 68B)
Class jdk.internal.jimage.ImageBufferCache$1                                          : loaded 2 times (x 78B)
Class jdk.internal.jimage.ImageBufferCache$2                                          : loaded 2 times (x 89B)
Class org.gradle.api.internal.DefaultClassPathProvider                                : loaded 2 times (x 74B)
Class org.gradle.internal.installation.GradleInstallation$1                           : loaded 2 times (x 73B)
Class jdk.internal.jrtfs.SystemImage$1                                                : loaded 2 times (x 76B)
Class jdk.internal.jrtfs.SystemImage$2                                                : loaded 2 times (x 74B)
Class org.gradle.internal.classloader.FilteringClassLoader                            : loaded 2 times (x 103B)
Class jdk.internal.jimage.ImageReader$Resource                                        : loaded 2 times (x 82B)
Class jdk.internal.jrtfs.SystemImage                                                  : loaded 2 times (x 72B)
Class org.gradle.internal.classpath.DefaultClassPath$ImmutableUniqueList$Builder      : loaded 2 times (x 73B)
Class jdk.internal.jrtfs.JrtDirectoryStream$1                                         : loaded 2 times (x 81B)
Class org.gradle.internal.classloader.ClassLoaderVisitor                              : loaded 2 times (x 74B)
Class org.gradle.internal.service.DefaultServiceLocator                               : loaded 2 times (x 81B)
Class org.gradle.internal.service.UnknownServiceException                             : loaded 2 times (x 81B)
Class org.gradle.internal.classloader.DefaultClassLoaderFactory                       : loaded 2 times (x 80B)
Class jdk.internal.jimage.ImageReader$SharedImageReader                               : loaded 2 times (x 93B)
Class jdk.internal.jimage.decompressor.ZipDecompressorFactory                         : loaded 2 times (x 72B)
Class org.gradle.internal.classloader.VisitableURLClassLoader$Spec                    : loaded 2 times (x 72B)
Class org.gradle.api.GradleException                                                  : loaded 2 times (x 80B)
Class org.gradle.api.internal.classpath.ModuleRegistry                                : loaded 2 times (x 68B)
Class org.gradle.api.internal.ClassPathProvider                                       : loaded 2 times (x 68B)
Class org.gradle.internal.classloader.ClasspathUtil$1                                 : loaded 2 times (x 74B)
Class org.gradle.internal.classloader.ClassLoaderFactory                              : loaded 2 times (x 68B)
Class jdk.internal.jimage.ImageHeader                                                 : loaded 2 times (x 69B)
Class org.gradle.api.internal.classpath.ManifestUtil                                  : loaded 2 times (x 69B)
Class org.gradle.api.specs.Spec                                                       : loaded 2 times (x 68B)
Class org.gradle.internal.IoActions                                                   : loaded 2 times (x 69B)
Class jdk.internal.jimage.decompressor.StringSharingDecompressorFactory               : loaded 2 times (x 72B)
Class org.gradle.api.internal.classpath.EffectiveClassPath                            : loaded 2 times (x 88B)
Class org.gradle.internal.installation.CurrentGradleInstallation                      : loaded 2 times (x 71B)
Class org.gradle.internal.agents.InstrumentingClassLoader                             : loaded 2 times (x 68B)
Class org.gradle.internal.installation.CurrentGradleInstallationLocator               : loaded 2 times (x 69B)
Class org.gradle.api.internal.classpath.Module                                        : loaded 2 times (x 68B)
Class org.gradle.internal.service.CachingServiceLocator                               : loaded 2 times (x 80B)
Class org.gradle.internal.classpath.DefaultClassPath                                  : loaded 2 times (x 88B)
Class jdk.internal.jimage.BasicImageReader                                            : loaded 2 times (x 93B)
Class jdk.internal.jimage.ImageLocation                                               : loaded 2 times (x 88B)
Class jdk.internal.jimage.ImageReader$Node                                            : loaded 2 times (x 82B)
Class jdk.internal.jimage.decompressor.CompressedResourceHeader                       : loaded 2 times (x 69B)
Class jdk.internal.jrtfs.JrtPath                                                      : loaded 2 times (x 116B)
Class jdk.internal.jimage.ImageStrings                                                : loaded 2 times (x 68B)
Class jdk.internal.jrtfs.JrtFileAttributes                                            : loaded 2 times (x 81B)
Class org.gradle.internal.classloader.SystemClassLoaderSpec                           : loaded 2 times (x 69B)
Class jdk.internal.jimage.decompressor.ResourceDecompressorRepository                 : loaded 2 times (x 69B)
Class org.gradle.api.UncheckedIOException                                             : loaded 2 times (x 80B)
Class jdk.internal.jimage.decompressor.ResourceDecompressor$StringsProvider           : loaded 2 times (x 68B)
Class jdk.internal.jimage.decompressor.Decompressor                                   : loaded 2 times (x 70B)
Class jdk.internal.jrtfs.JrtFileSystem                                                : loaded 2 times (x 100B)
Class jdk.internal.jrtfs.JrtFileSystemProvider                                        : loaded 2 times (x 97B)
Class org.gradle.internal.classloader.ClasspathUtil                                   : loaded 2 times (x 69B)
Class jdk.internal.jrtfs.JrtDirectoryStream                                           : loaded 2 times (x 87B)
Class jdk.internal.jimage.decompressor.ResourceDecompressor                           : loaded 2 times (x 68B)
Class org.gradle.api.internal.DefaultClassPathRegistry                                : loaded 2 times (x 74B)
Class org.gradle.api.internal.classpath.DefaultModuleRegistry$DefaultModule           : loaded 2 times (x 84B)
Class org.gradle.api.internal.classpath.UnknownModuleException                        : loaded 2 times (x 80B)
Class org.gradle.internal.service.ServiceLookupException                              : loaded 2 times (x 80B)
Class jdk.internal.jimage.ImageStringsReader                                          : loaded 2 times (x 78B)
Class org.gradle.cache.GlobalCache                                                    : loaded 2 times (x 68B)
Class jdk.internal.jimage.decompressor.ResourceDecompressorFactory                    : loaded 2 times (x 72B)
Class [Lorg.gradle.api.internal.ClassPathProvider;                                    : loaded 2 times (x 67B)
Class jdk.internal.jimage.ImageReader$SharedImageReader$LocationVisitor               : loaded 2 times (x 68B)
Class org.gradle.util.internal.GUtil                                                  : loaded 2 times (x 69B)
Class jdk.internal.jimage.decompressor.ZipDecompressor                                : loaded 2 times (x 73B)
Class org.gradle.internal.classloader.ClassLoaderSpec                                 : loaded 2 times (x 69B)
Class org.gradle.internal.classloader.VisitableURLClassLoader                         : loaded 2 times (x 115B)
Class org.gradle.internal.Cast                                                        : loaded 2 times (x 69B)
Class org.gradle.api.internal.ClassPathRegistry                                       : loaded 2 times (x 68B)
Class org.gradle.internal.classloader.VisitableURLClassLoader$InstrumentingVisitableURLClassLoader: loaded 2 times (x 121B)
Class org.gradle.internal.classloader.ClassLoaderHierarchy                            : loaded 2 times (x 68B)
Class jdk.internal.jimage.ImageReader                                                 : loaded 2 times (x 73B)
Class org.gradle.internal.InternalTransformer                                         : loaded 2 times (x 68B)
Class org.gradle.internal.service.ServiceLocator                                      : loaded 2 times (x 68B)
Class org.gradle.internal.classpath.DefaultClassPath$ImmutableUniqueList              : loaded 2 times (x 159B)
Class jdk.internal.jimage.ImageBufferCache                                            : loaded 2 times (x 69B)
Class org.gradle.internal.classpath.TransformedClassPath                              : loaded 2 times (x 94B)
Class jdk.internal.jimage.ImageReader$Directory                                       : loaded 2 times (x 82B)


---------------  S Y S T E M  ---------------

OS:
 Windows 11 , 64 bit Build 22621 (10.0.22621.3958)
OS uptime: 1 days 3:16 hours
Hyper-V role detected

CPU: total 8 (initial active 8) (8 cores per cpu, 2 threads per core) family 23 model 160 stepping 0 microcode 0x0, cx8, cmov, fxsr, ht, mmx, 3dnowpref, sse, sse2, sse3, ssse3, sse4a, sse4.1, sse4.2, popcnt, lzcnt, tsc, tscinvbit, avx, avx2, aes, clmul, bmi1, bmi2, adx, sha, fma, vzeroupper, clflush, clflushopt, hv
Processor Information for all 8 processors :
  Max Mhz: 2401, Current Mhz: 2401, Mhz Limit: 2401

Memory: 4k page, system-wide physical 7455M (256M free)
TotalPageFile size 17695M (AvailPageFile size 23M)
current process WorkingSet (physical memory assigned to process): 346M, peak: 346M
current process commit charge ("private bytes"): 377M, peak: 516M

vm_info: OpenJDK 64-Bit Server VM (17.0.11+0--11852314) for windows-amd64 JRE (17.0.11+0--11852314), built on May 16 2024 21:29:20 by "androidbuild" with MS VC++ 16.10 / 16.11 (VS2019)

END.
